#
# A fatal error has been detected by the Java Runtime Environment:
#
#  SIGBUS (0xa) at pc=0x000000010a3ebfe6, pid=80341, tid=35843
#
# JRE version: Java(TM) SE Runtime Environment (8.0_05-b13) (build 1.8.0_05-b13)
# Java VM: Java HotSpot(TM) 64-Bit Server VM (25.5-b02 mixed mode bsd-amd64 compressed oops)
# Problematic frame:
# C  [libzip.dylib+0x2fe6]  newEntry+0x154
#
# Failed to write core dump. Core dumps have been disabled. To enable core dumping, try "ulimit -c unlimited" before starting Java again
#
# If you would like to submit a bug report, please visit:
#   http://bugreport.sun.com/bugreport/crash.jsp
# The crash happened outside the Java Virtual Machine in native code.
# See problematic frame for where to report the bug.
#

---------------  T H R E A D  ---------------

Current thread (0x00007fb31e157800):  JavaThread "Thread-14" [_thread_in_native, id=35843, stack(0x000000012c6b7000,0x000000012c7b7000)]

siginfo:si_signo=SIGBUS: si_errno=0, si_code=2 (BUS_ADRERR), si_addr=0x000000012870506d

Registers:
RAX=0x00007fb31b62bbd0, RBX=0x0000000128705061, RCX=0x0000000000000001, RDX=0x0000000000000708
RSP=0x000000012c7b4600, RBP=0x000000012c7b4660, RSI=0x00007fb31dc00000, RDI=0x000000010a1a5e00
R8 =0x0000000000000004, R9 =0x00000000fff80000, R10=0x000000010bc2ee18, R11=0xfffffff9c0cdd06e
R12=0x0000000000017160, R13=0x000000012862a000, R14=0x00007fb31b62bbd0, R15=0x00007fb31dd36440
RIP=0x000000010a3ebfe6, EFLAGS=0x0000000000010202, ERR=0x0000000000000004
  TRAPNO=0x000000000000000e

Top of Stack: (sp=0x000000012c7b4600)
0x000000012c7b4600:   0000000000000000 0000000000000000
0x000000012c7b4610:   0000000000000000 0000000000000000
0x000000012c7b4620:   000000012c7b4640 00007fb31b62bbd0
0x000000012c7b4630:   00007fb31dc744e0 000000009ac6435b
0x000000012c7b4640:   0000000000017160 000000012862a000
0x000000012c7b4650:   00007fb31b62bbd0 00007fb31dd36440
0x000000012c7b4660:   000000012c7b46b0 000000010a3ec654
0x000000012c7b4670:   000000000000002b 0000002b1e157800
0x000000012c7b4680:   000000012c7b46ce 000000012c7b4b18
0x000000012c7b4690:   000000000000002b 000000012c7b46ce
0x000000012c7b46a0:   00007fb31b62bbd0 00007fb31e1579e0
0x000000012c7b46b0:   000000012c7b4b00 000000010a3eb49f
0x000000012c7b46c0:   000000012c7b4e48 726f000000000001
0x000000012c7b46d0:   7370696c63652f67 2f797474656a2f65
0x000000012c7b46e0:   7475462f6c697475 626c6c6143657275
0x000000012c7b46f0:   73616c632e6b6361 000000012c7b0073
0x000000012c7b4700:   00007fff7b69d6b8 00000000ffffffff
0x000000012c7b4710:   0000000100000000 000000012c7b5200
0x000000012c7b4720:   0000000000000000 0000000100000000
0x000000012c7b4730:   000000002c7b52b0 0000000000000001
0x000000012c7b4740:   0000000000000000 00007fff97fc106d
0x000000012c7b4750:   000000012c7b4b20 000000012c7b4768
0x000000012c7b4760:   0000000000000000 000000010b190722
0x000000012c7b4770:   0000000000000001 000000012c7b494c
0x000000012c7b4780:   0000000000000004 000000012c7b4947
0x000000012c7b4790:   0000000000000009 00007fb31dd35a40
0x000000012c7b47a0:   000000012c7b4800 00007fff97fb6d3d
0x000000012c7b47b0:   00000000000003d8 000000012c7b4998
0x000000012c7b47c0:   0000000000000001 000000012c7b52b0
0x000000012c7b47d0:   000000012c7b4978 000000012c7b5200
0x000000012c7b47e0:   0000000000000000 580000012c7b4978
0x000000012c7b47f0:   000000012c7b52b0 0000000000000001 

Instructions: (pc=0x000000010a3ebfe6)
0x000000010a3ebfc6:   49 8b 7f 38 e8 95 1a 00 00 4d 89 77 38 49 89 5f
0x000000010a3ebfd6:   40 4c 89 f0 48 85 c0 0f 84 16 05 00 00 48 89 c3
0x000000010a3ebfe6:   0f b6 43 0c 0f b6 4b 0d 48 c1 e1 08 48 01 c1 0f
0x000000010a3ebff6:   b6 43 0e 0f b6 53 0f 48 c1 e2 08 48 01 c2 48 c1 

Register to memory mapping:

RAX=0x00007fb31b62bbd0 is an unknown value
RBX=0x0000000128705061 is an unknown value
RCX=0x0000000000000001 is an unknown value
RDX=0x0000000000000708 is an unknown value
RSP=0x000000012c7b4600 is pointing into the stack for thread: 0x00007fb31e157800
RBP=0x000000012c7b4660 is pointing into the stack for thread: 0x00007fb31e157800
RSI=0x00007fb31dc00000 is an unknown value
RDI=0x000000010a1a5e00 is an unknown value
R8 =0x0000000000000004 is an unknown value
R9 =0x00000000fff80000 is an unknown value
R10=0x000000010bc2ee18 is at entry_point+88 in (nmethod*)0x000000010bc2ec50
R11=0xfffffff9c0cdd06e is an unknown value
R12=0x0000000000017160 is an unknown value
R13=0x000000012862a000 is an unknown value
R14=0x00007fb31b62bbd0 is an unknown value
R15=0x00007fb31dd36440 is an unknown value


Stack: [0x000000012c6b7000,0x000000012c7b7000],  sp=0x000000012c7b4600,  free space=1013k
Native frames: (J=compiled Java code, j=interpreted, Vv=VM code, C=native code)
C  [libzip.dylib+0x2fe6]  newEntry+0x154
C  [libzip.dylib+0x3654]  ZIP_GetEntry+0xa2
C  [libzip.dylib+0x249f]  Java_java_util_zip_ZipFile_getEntry+0xdd
J 104  java.util.zip.ZipFile.getEntry(J[BZ)J (0 bytes) @ 0x000000010bc2ee8e [0x000000010bc2edc0+0xce]

Java frames: (J=compiled Java code, j=interpreted, Vv=VM code)
J 104  java.util.zip.ZipFile.getEntry(J[BZ)J (0 bytes) @ 0x000000010bc2ee18 [0x000000010bc2edc0+0x58]
J 2245 C2 sun.misc.URLClassPath$JarLoader.getResource(Ljava/lang/String;Z)Lsun/misc/Resource; (85 bytes) @ 0x000000010c1834e8 [0x000000010c183060+0x488]
J 2267 C2 java.net.URLClassLoader$1.run()Ljava/lang/Object; (5 bytes) @ 0x000000010c3034fc [0x000000010c302fc0+0x53c]
v  ~StubRoutines::call_stub
J 267  java.security.AccessController.doPrivileged(Ljava/security/PrivilegedExceptionAction;Ljava/security/AccessControlContext;)Ljava/lang/Object; (0 bytes) @ 0x000000010bc7b963 [0x000000010bc7b900+0x63]
J 1676 C2 java.net.URLClassLoader.findClass(Ljava/lang/String;)Ljava/lang/Class; (29 bytes) @ 0x000000010bfe36e4 [0x000000010bfe3640+0xa4]
J 1624 C2 java.lang.ClassLoader.loadClass(Ljava/lang/String;Z)Ljava/lang/Class; (122 bytes) @ 0x000000010bfd3950 [0x000000010bfd3520+0x430]
J 2264 C2 java.lang.ClassLoader.loadClass(Ljava/lang/String;)Ljava/lang/Class; (7 bytes) @ 0x000000010c18845c [0x000000010c188340+0x11c]
v  ~StubRoutines::call_stub
j  org.eclipse.jetty.server.AbstractConnector.shutdown()Ljava/util/concurrent/Future;+0
j  org.eclipse.jetty.server.AbstractNetworkConnector.shutdown()Ljava/util/concurrent/Future;+5
j  org.eclipse.jetty.server.ServerConnector.shutdown()Ljava/util/concurrent/Future;+1
j  org.eclipse.jetty.server.Server.doStop()V+60
j  org.eclipse.jetty.util.component.AbstractLifeCycle.stop()V+30
j  org.eclipse.jetty.util.thread.ShutdownThread.run()V+41
v  ~StubRoutines::call_stub

---------------  P R O C E S S  ---------------

Java Threads: ( => current thread )
=>0x00007fb31e157800 JavaThread "Thread-14" [_thread_in_native, id=35843, stack(0x000000012c6b7000,0x000000012c7b7000)]
  0x00007fb31c487000 JavaThread "SIGINT handler" daemon [_thread_blocked, id=14107, stack(0x0000000129254000,0x0000000129354000)]
  0x00007fb31e903800 JavaThread "dw-admin-63" [_thread_blocked, id=28439, stack(0x0000000129151000,0x0000000129251000)]
  0x00007fb31d3cf000 JavaThread "dw-62" [_thread_blocked, id=13079, stack(0x000000012991b000,0x0000000129a1b000)]
  0x00007fb31e80d000 JavaThread "Scheduler-1568450200" [_thread_blocked, id=13323, stack(0x000000012664d000,0x000000012674d000)]
  0x00007fb31b89b800 JavaThread "DestroyJavaVM" [_thread_blocked, id=4867, stack(0x000000010a2cf000,0x000000010a3cf000)]
  0x00007fb31d6c5800 JavaThread "dw-admin-45-acceptor-1@749c4fc9-admin@74170687{SSL-HTTP/1.1}{0.0.0.0:9444}" [_thread_blocked, id=34051, stack(0x000000012d513000,0x000000012d613000)]
  0x00007fb31d6c5000 JavaThread "dw-admin-44-acceptor-0@77fb63bd-admin@74170687{SSL-HTTP/1.1}{0.0.0.0:9444}" [_thread_in_native, id=33539, stack(0x000000012d410000,0x000000012d510000)]
  0x00007fb31d6c2000 JavaThread "dw-admin-43-selector-ServerConnectorManager@6d854396/3" [_thread_in_native, id=33027, stack(0x000000012d30d000,0x000000012d40d000)]
  0x00007fb31d6bf800 JavaThread "dw-admin-42-selector-ServerConnectorManager@6d854396/2" [_thread_in_native, id=32515, stack(0x000000012d20a000,0x000000012d30a000)]
  0x00007fb31d6bc800 JavaThread "dw-admin-41-selector-ServerConnectorManager@6d854396/1" [_thread_in_native, id=32003, stack(0x000000012d107000,0x000000012d207000)]
  0x00007fb31c486800 JavaThread "dw-admin-40-selector-ServerConnectorManager@6d854396/0" [_thread_in_native, id=31491, stack(0x000000012d004000,0x000000012d104000)]
  0x00007fb31d6b1800 JavaThread "dw-admin-39-acceptor-1@2dc4aef0-admin@75de6341{HTTP/1.1}{0.0.0.0:9091}" [_thread_blocked, id=30979, stack(0x000000012cf01000,0x000000012d001000)]
  0x00007fb31b89b000 JavaThread "dw-admin-38-acceptor-0@62c11265-admin@75de6341{HTTP/1.1}{0.0.0.0:9091}" [_thread_in_native, id=30467, stack(0x000000012cdfe000,0x000000012cefe000)]
  0x00007fb31d6a1000 JavaThread "dw-admin-37-selector-ServerConnectorManager@a70e4e7/3" [_thread_in_native, id=29955, stack(0x000000012ccfb000,0x000000012cdfb000)]
  0x00007fb31b898800 JavaThread "dw-admin-36-selector-ServerConnectorManager@a70e4e7/2" [_thread_in_native, id=28935, stack(0x000000012caf5000,0x000000012cbf5000)]
  0x00007fb31d6a8000 JavaThread "dw-admin-35-selector-ServerConnectorManager@a70e4e7/1" [_thread_in_native, id=29443, stack(0x000000012cbf8000,0x000000012ccf8000)]
  0x00007fb31c3b6000 JavaThread "dw-32-acceptor-1@6674600b-application@2b6fcb9f{SSL-HTTP/1.1}{0.0.0.0:9443}" [_thread_blocked, id=27907, stack(0x000000012c8ef000,0x000000012c9ef000)]
  0x00007fb31e903000 JavaThread "dw-31-acceptor-0@3d865e40-application@2b6fcb9f{SSL-HTTP/1.1}{0.0.0.0:9443}" [_thread_in_native, id=27395, stack(0x000000012c7ec000,0x000000012c8ec000)]
  0x00007fb31c4bb000 JavaThread "dw-30-selector-ServerConnectorManager@21553816/3" [_thread_in_native, id=26375, stack(0x000000012a701000,0x000000012a801000)]
  0x00007fb31cc6c000 JavaThread "dw-29-selector-ServerConnectorManager@21553816/2" [_thread_in_native, id=26883, stack(0x000000012bf6a000,0x000000012c06a000)]
  0x00007fb31c488800 JavaThread "dw-admin-27-selector-ServerConnectorManager@a70e4e7/0" [_thread_in_native, id=25863, stack(0x000000012bc67000,0x000000012bd67000)]
  0x00007fb31c3a7800 JavaThread "dw-24-selector-ServerConnectorManager@21553816/1" [_thread_in_native, id=25347, stack(0x000000012bb64000,0x000000012bc64000)]
  0x00007fb31c3a6800 JavaThread "dw-23-selector-ServerConnectorManager@21553816/0" [_thread_in_native, id=24835, stack(0x000000012ba61000,0x000000012bb61000)]
  0x00007fb31d50d000 JavaThread "dw-22" [_thread_blocked, id=24323, stack(0x000000012b95e000,0x000000012ba5e000)]
  0x00007fb31c875800 JavaThread "dw-21" [_thread_blocked, id=23811, stack(0x000000012b85b000,0x000000012b95b000)]
  0x00007fb31c48c800 JavaThread "dw-20-selector-ServerConnectorManager@74b087f0/3" [_thread_in_native, id=23299, stack(0x000000012b758000,0x000000012b858000)]
  0x00007fb31c462000 JavaThread "dw-19-selector-ServerConnectorManager@74b087f0/2" [_thread_in_native, id=22787, stack(0x000000012b655000,0x000000012b755000)]
  0x00007fb31c875000 JavaThread "dw-18-selector-ServerConnectorManager@74b087f0/1" [_thread_in_native, id=22275, stack(0x000000012b331000,0x000000012b431000)]
  0x00007fb31d50c000 JavaThread "dw-17-selector-ServerConnectorManager@74b087f0/0" [_thread_in_native, id=21763, stack(0x000000012b22e000,0x000000012b32e000)]
  0x00007fb31be6a800 JavaThread "AsyncAppender-Worker-Thread-5" daemon [_thread_blocked, id=21251, stack(0x000000012aa0b000,0x000000012ab0b000)]
  0x00007fb31d2f2000 JavaThread "Tomcat JDBC Pool Cleaner[621009875:1428148262604]" daemon [_thread_blocked, id=20227, stack(0x0000000129a69000,0x0000000129b69000)]
  0x00007fb31bc2e000 JavaThread "AsyncAppender-Worker-Thread-2" daemon [_thread_blocked, id=19715, stack(0x0000000129818000,0x0000000129918000)]
  0x00007fb31c215800 JavaThread "AsyncAppender-Worker-Thread-1" daemon [_thread_blocked, id=19203, stack(0x0000000129715000,0x0000000129815000)]
  0x00007fb31c858000 JavaThread "Service Thread" daemon [_thread_blocked, id=18179, stack(0x000000012825a000,0x000000012835a000)]
  0x00007fb31c827000 JavaThread "C1 CompilerThread2" daemon [_thread_blocked, id=17667, stack(0x0000000128157000,0x0000000128257000)]
  0x00007fb31c826000 JavaThread "C2 CompilerThread1" daemon [_thread_blocked, id=17155, stack(0x0000000128054000,0x0000000128154000)]
  0x00007fb31b80b000 JavaThread "C2 CompilerThread0" daemon [_thread_blocked, id=16643, stack(0x0000000127f51000,0x0000000128051000)]
  0x00007fb31b811000 JavaThread "Signal Dispatcher" daemon [_thread_blocked, id=12311, stack(0x0000000127e4e000,0x0000000127f4e000)]
  0x00007fb31c819800 JavaThread "Finalizer" daemon [_thread_blocked, id=11523, stack(0x0000000126511000,0x0000000126611000)]
  0x00007fb31c819000 JavaThread "Reference Handler" daemon [_thread_blocked, id=11011, stack(0x000000012640e000,0x000000012650e000)]

Other Threads:
  0x00007fb31c814800 VMThread [stack: 0x000000012630b000,0x000000012640b000] [id=10499]
  0x00007fb31d008000 WatcherThread [stack: 0x000000012835d000,0x000000012845d000] [id=18691]

VM state:not at safepoint (normal execution)

VM Mutex/Monitor currently owned by a thread: None

Heap:
 PSYoungGen      total 51712K, used 17348K [0x000000076ab00000, 0x000000076e700000, 0x00000007c0000000)
  eden space 43520K, 37% used [0x000000076ab00000,0x000000076bb192a8,0x000000076d580000)
  from space 8192K, 10% used [0x000000076d580000,0x000000076d658020,0x000000076dd80000)
  to   space 8192K, 0% used [0x000000076df00000,0x000000076df00000,0x000000076e700000)
 ParOldGen       total 21504K, used 18201K [0x00000006c0000000, 0x00000006c1500000, 0x000000076ab00000)
  object space 21504K, 84% used [0x00000006c0000000,0x00000006c11c67e0,0x00000006c1500000)
 Metaspace       used 40174K, capacity 40575K, committed 41008K, reserved 1085440K
  class space    used 5218K, capacity 5313K, committed 5424K, reserved 1048576K

Card table byte_map: [0x000000011aeb4000,0x000000011b6b5000] byte_map_base: 0x00000001178b4000

Marking Bits: (ParMarkBitMap*) 0x000000010b4660a0
 Begin Bits: [0x000000011c017000, 0x0000000120017000)
 End Bits:   [0x0000000120017000, 0x0000000124017000)

Polling page: 0x000000010a3df000

CodeCache: size=245760Kb used=9851Kb max_used=9862Kb free=235908Kb
 bounds [0x000000010baf4000, 0x000000010c4a4000, 0x000000011aaf4000]
 total_blobs=3625 nmethods=3101 adapters=439
 compilation: enabled

Compilation events (10 events):
Event: 456.551 Thread 0x00007fb31c827000 nmethod 3099 0x000000010c495550 code [0x000000010c495980, 0x000000010c497e78]
Event: 471.548 Thread 0x00007fb31c827000 3100       3       org.h2.engine.UndoLog::size (52 bytes)
Event: 471.549 Thread 0x00007fb31c827000 nmethod 3100 0x000000010c499090 code [0x000000010c499260, 0x000000010c499868]
Event: 497.456 Thread 0x00007fb31b80b000 3101       4       java.lang.StringBuilder::length (5 bytes)
Event: 497.456 Thread 0x00007fb31b80b000 nmethod 3101 0x000000010c3e3610 code [0x000000010c3e3740, 0x000000010c3e3798]
Event: 500.461 Thread 0x00007fb31c827000 3102       3       org.h2.value.ValueArray::getType (3 bytes)
Event: 500.462 Thread 0x00007fb31c827000 nmethod 3102 0x000000010c49c510 code [0x000000010c49c660, 0x000000010c49c7b0]
Event: 500.462 Thread 0x00007fb31c827000 3103       3       org.h2.mvstore.MVStore::removePage (102 bytes)
Event: 500.463 Thread 0x00007fb31c827000 nmethod 3103 0x000000010c49b790 code [0x000000010c49b960, 0x000000010c49c078]
Event: 503.398 Thread 0x00007fb31c826000 3104       4       java.util.HashMap$ValueIterator::next (8 bytes)

GC Heap History (10 events):
Event: 2.737 GC heap before
{Heap before GC invocations=20 (full 3):
 PSYoungGen      total 45056K, used 5631K [0x000000076ab00000, 0x000000076e180000, 0x00000007c0000000)
  eden space 39424K, 0% used [0x000000076ab00000,0x000000076ab00000,0x000000076d180000)
  from space 5632K, 99% used [0x000000076d700000,0x000000076dc7fda8,0x000000076dc80000)
  to   space 5120K, 0% used [0x000000076dc80000,0x000000076dc80000,0x000000076e180000)
 ParOldGen       total 14848K, used 14213K [0x00000006c0000000, 0x00000006c0e80000, 0x000000076ab00000)
  object space 14848K, 95% used [0x00000006c0000000,0x00000006c0de1400,0x00000006c0e80000)
 Metaspace       used 34498K, capacity 34843K, committed 34992K, reserved 1079296K
  class space    used 4440K, capacity 4528K, committed 4528K, reserved 1048576K
Event: 2.836 GC heap after
Heap after GC invocations=20 (full 3):
 PSYoungGen      total 45056K, used 1463K [0x000000076ab00000, 0x000000076e180000, 0x00000007c0000000)
  eden space 39424K, 0% used [0x000000076ab00000,0x000000076ab00000,0x000000076d180000)
  from space 5632K, 25% used [0x000000076d700000,0x000000076d86de80,0x000000076dc80000)
  to   space 5120K, 0% used [0x000000076dc80000,0x000000076dc80000,0x000000076e180000)
 ParOldGen       total 21504K, used 14671K [0x00000006c0000000, 0x00000006c1500000, 0x000000076ab00000)
  object space 21504K, 68% used [0x00000006c0000000,0x00000006c0e53cf0,0x00000006c1500000)
 Metaspace       used 34498K, capacity 34843K, committed 34992K, reserved 1079296K
  class space    used 4440K, capacity 4528K, committed 4528K, reserved 1048576K
}
Event: 3.336 GC heap before
{Heap before GC invocations=21 (full 3):
 PSYoungGen      total 45056K, used 40887K [0x000000076ab00000, 0x000000076e180000, 0x00000007c0000000)
  eden space 39424K, 100% used [0x000000076ab00000,0x000000076d180000,0x000000076d180000)
  from space 5632K, 25% used [0x000000076d700000,0x000000076d86de80,0x000000076dc80000)
  to   space 5120K, 0% used [0x000000076dc80000,0x000000076dc80000,0x000000076e180000)
 ParOldGen       total 21504K, used 14671K [0x00000006c0000000, 0x00000006c1500000, 0x000000076ab00000)
  object space 21504K, 68% used [0x00000006c0000000,0x00000006c0e53cf0,0x00000006c1500000)
 Metaspace       used 37735K, capacity 38111K, committed 38320K, reserved 1083392K
  class space    used 4924K, capacity 5025K, committed 5040K, reserved 1048576K
Event: 3.345 GC heap after
Heap after GC invocations=21 (full 3):
 PSYoungGen      total 47104K, used 5090K [0x000000076ab00000, 0x000000076e500000, 0x00000007c0000000)
  eden space 41984K, 0% used [0x000000076ab00000,0x000000076ab00000,0x000000076d400000)
  from space 5120K, 99% used [0x000000076dc80000,0x000000076e1789b0,0x000000076e180000)
  to   space 8704K, 0% used [0x000000076d400000,0x000000076d400000,0x000000076dc80000)
 ParOldGen       total 21504K, used 15849K [0x00000006c0000000, 0x00000006c1500000, 0x000000076ab00000)
  object space 21504K, 73% used [0x00000006c0000000,0x00000006c0f7a7d0,0x00000006c1500000)
 Metaspace       used 37735K, capacity 38111K, committed 38320K, reserved 1083392K
  class space    used 4924K, capacity 5025K, committed 5040K, reserved 1048576K
}
Event: 123.323 GC heap before
{Heap before GC invocations=22 (full 3):
 PSYoungGen      total 47104K, used 47074K [0x000000076ab00000, 0x000000076e500000, 0x00000007c0000000)
  eden space 41984K, 100% used [0x000000076ab00000,0x000000076d400000,0x000000076d400000)
  from space 5120K, 99% used [0x000000076dc80000,0x000000076e1789b0,0x000000076e180000)
  to   space 8704K, 0% used [0x000000076d400000,0x000000076d400000,0x000000076dc80000)
 ParOldGen       total 21504K, used 15849K [0x00000006c0000000, 0x00000006c1500000, 0x000000076ab00000)
  object space 21504K, 73% used [0x00000006c0000000,0x00000006c0f7a7d0,0x00000006c1500000)
 Metaspace       used 40126K, capacity 40479K, committed 40624K, reserved 1085440K
  class space    used 5214K, capacity 5281K, committed 5296K, reserved 1048576K
Event: 123.330 GC heap after
Heap after GC invocations=22 (full 3):
 PSYoungGen      total 50688K, used 2547K [0x000000076ab00000, 0x000000076e600000, 0x00000007c0000000)
  eden space 41984K, 0% used [0x000000076ab00000,0x000000076ab00000,0x000000076d400000)
  from space 8704K, 29% used [0x000000076d400000,0x000000076d67ce80,0x000000076dc80000)
  to   space 8192K, 0% used [0x000000076de00000,0x000000076de00000,0x000000076e600000)
 ParOldGen       total 21504K, used 18193K [0x00000006c0000000, 0x00000006c1500000, 0x000000076ab00000)
  object space 21504K, 84% used [0x00000006c0000000,0x00000006c11c47e0,0x00000006c1500000)
 Metaspace       used 40126K, capacity 40479K, committed 40624K, reserved 1085440K
  class space    used 5214K, capacity 5281K, committed 5296K, reserved 1048576K
}
Event: 276.126 GC heap before
{Heap before GC invocations=23 (full 3):
 PSYoungGen      total 50688K, used 44531K [0x000000076ab00000, 0x000000076e600000, 0x00000007c0000000)
  eden space 41984K, 100% used [0x000000076ab00000,0x000000076d400000,0x000000076d400000)
  from space 8704K, 29% used [0x000000076d400000,0x000000076d67ce80,0x000000076dc80000)
  to   space 8192K, 0% used [0x000000076de00000,0x000000076de00000,0x000000076e600000)
 ParOldGen       total 21504K, used 18193K [0x00000006c0000000, 0x00000006c1500000, 0x000000076ab00000)
  object space 21504K, 84% used [0x00000006c0000000,0x00000006c11c47e0,0x00000006c1500000)
 Metaspace       used 40141K, capacity 40575K, committed 41008K, reserved 1085440K
  class space    used 5215K, capacity 5313K, committed 5424K, reserved 1048576K
Event: 276.129 GC heap after
Heap after GC invocations=23 (full 3):
 PSYoungGen      total 51200K, used 832K [0x000000076ab00000, 0x000000076e580000, 0x00000007c0000000)
  eden space 43520K, 0% used [0x000000076ab00000,0x000000076ab00000,0x000000076d580000)
  from space 7680K, 10% used [0x000000076de00000,0x000000076ded0020,0x000000076e580000)
  to   space 8192K, 0% used [0x000000076d580000,0x000000076d580000,0x000000076dd80000)
 ParOldGen       total 21504K, used 18201K [0x00000006c0000000, 0x00000006c1500000, 0x000000076ab00000)
  object space 21504K, 84% used [0x00000006c0000000,0x00000006c11c67e0,0x00000006c1500000)
 Metaspace       used 40141K, capacity 40575K, committed 41008K, reserved 1085440K
  class space    used 5215K, capacity 5313K, committed 5424K, reserved 1048576K
}
Event: 446.953 GC heap before
{Heap before GC invocations=24 (full 3):
 PSYoungGen      total 51200K, used 44352K [0x000000076ab00000, 0x000000076e580000, 0x00000007c0000000)
  eden space 43520K, 100% used [0x000000076ab00000,0x000000076d580000,0x000000076d580000)
  from space 7680K, 10% used [0x000000076de00000,0x000000076ded0020,0x000000076e580000)
  to   space 8192K, 0% used [0x000000076d580000,0x000000076d580000,0x000000076dd80000)
 ParOldGen       total 21504K, used 18201K [0x00000006c0000000, 0x00000006c1500000, 0x000000076ab00000)
  object space 21504K, 84% used [0x00000006c0000000,0x00000006c11c67e0,0x00000006c1500000)
 Metaspace       used 40160K, capacity 40575K, committed 41008K, reserved 1085440K
  class space    used 5215K, capacity 5313K, committed 5424K, reserved 1048576K
Event: 446.956 GC heap after
Heap after GC invocations=24 (full 3):
 PSYoungGen      total 51712K, used 864K [0x000000076ab00000, 0x000000076e700000, 0x00000007c0000000)
  eden space 43520K, 0% used [0x000000076ab00000,0x000000076ab00000,0x000000076d580000)
  from space 8192K, 10% used [0x000000076d580000,0x000000076d658020,0x000000076dd80000)
  to   space 8192K, 0% used [0x000000076df00000,0x000000076df00000,0x000000076e700000)
 ParOldGen       total 21504K, used 18201K [0x00000006c0000000, 0x00000006c1500000, 0x000000076ab00000)
  object space 21504K, 84% used [0x00000006c0000000,0x00000006c11c67e0,0x00000006c1500000)
 Metaspace       used 40160K, capacity 40575K, committed 41008K, reserved 1085440K
  class space    used 5215K, capacity 5313K, committed 5424K, reserved 1048576K
}

Deoptimization events (10 events):
Event: 2.880 Thread 0x00007fb31c805000 Uncommon trap: reason=bimorphic action=maybe_recompile pc=0x000000010bfde118 method=java.util.regex.Matcher.search(I)Z @ 86
Event: 2.880 Thread 0x00007fb31c805000 Uncommon trap: reason=bimorphic action=maybe_recompile pc=0x000000010bfde118 method=java.util.regex.Matcher.search(I)Z @ 86
Event: 2.886 Thread 0x00007fb31c805000 Uncommon trap: reason=bimorphic action=maybe_recompile pc=0x000000010bfde118 method=java.util.regex.Matcher.search(I)Z @ 86
Event: 2.886 Thread 0x00007fb31c805000 Uncommon trap: reason=bimorphic action=maybe_recompile pc=0x000000010bfde118 method=java.util.regex.Matcher.search(I)Z @ 86
Event: 3.064 Thread 0x00007fb31c805000 Uncommon trap: reason=unreached action=reinterpret pc=0x000000010c21b4a8 method=java.lang.Class.searchMethods([Ljava/lang/reflect/Method;Ljava/lang/String;[Ljava/lang/Class;)Ljava/lang/reflect/Method; @ 47
Event: 3.140 Thread 0x00007fb31c805000 Uncommon trap: reason=null_assert action=make_not_entrant pc=0x000000010be1b130 method=java.util.concurrent.ConcurrentHashMap.putVal(Ljava/lang/Object;Ljava/lang/Object;Z)Ljava/lang/Object; @ 264
Event: 13.540 Thread 0x00007fb31e903800 Uncommon trap: reason=unreached action=reinterpret pc=0x000000010bdcb454 method=java.lang.ref.ReferenceQueue.poll()Ljava/lang/ref/Reference; @ 4
Event: 13.540 Thread 0x00007fb31e903800 Uncommon trap: reason=class_check action=maybe_recompile pc=0x000000010bfea56c method=java.lang.ref.ReferenceQueue.reallyPoll()Ljava/lang/ref/Reference; @ 52
Event: 13.540 Thread 0x00007fb31e903800 Uncommon trap: reason=class_check action=maybe_recompile pc=0x000000010bfea56c method=java.lang.ref.ReferenceQueue.reallyPoll()Ljava/lang/ref/Reference; @ 52
Event: 503.398 Thread 0x00007fb31c875800 Uncommon trap: reason=class_check action=maybe_recompile pc=0x000000010c464f6c method=java.nio.charset.CharsetDecoder.replaceWith(Ljava/lang/String;)Ljava/nio/charset/CharsetDecoder; @ 63

Internal exceptions (10 events):
Event: 19.606 Thread 0x00007fb31e903800 Exception <a 'java/security/PrivilegedActionException'> (0x000000076b84ccf8) thrown at [/HUDSON/workspace/8-2-build-macosx-x86_64/jdk8u5/2488/hotspot/src/share/vm/prims/jvm.cpp, line 1248]
Event: 19.607 Thread 0x00007fb31e903800 Exception <a 'java/security/PrivilegedActionException'> (0x000000076b853ec8) thrown at [/HUDSON/workspace/8-2-build-macosx-x86_64/jdk8u5/2488/hotspot/src/share/vm/prims/jvm.cpp, line 1248]
Event: 19.607 Thread 0x00007fb31e903800 Exception <a 'java/security/PrivilegedActionException'> (0x000000076b857e30) thrown at [/HUDSON/workspace/8-2-build-macosx-x86_64/jdk8u5/2488/hotspot/src/share/vm/prims/jvm.cpp, line 1248]
Event: 19.620 Thread 0x00007fb31e903800 Exception <a 'java/security/PrivilegedActionException'> (0x000000076b878eb0) thrown at [/HUDSON/workspace/8-2-build-macosx-x86_64/jdk8u5/2488/hotspot/src/share/vm/prims/jvm.cpp, line 1248]
Event: 19.621 Thread 0x00007fb31e903800 Exception <a 'java/security/PrivilegedActionException'> (0x000000076b880b68) thrown at [/HUDSON/workspace/8-2-build-macosx-x86_64/jdk8u5/2488/hotspot/src/share/vm/prims/jvm.cpp, line 1248]
Event: 39.113 Thread 0x00007fb31e010800 Exception <a 'java/security/PrivilegedActionException'> (0x000000076bfe22b0) thrown at [/HUDSON/workspace/8-2-build-macosx-x86_64/jdk8u5/2488/hotspot/src/share/vm/prims/jvm.cpp, line 1248]
Event: 49.645 Thread 0x00007fb31e80d000 Exception <a 'java/security/PrivilegedActionException'> (0x000000076c409b60) thrown at [/HUDSON/workspace/8-2-build-macosx-x86_64/jdk8u5/2488/hotspot/src/share/vm/prims/jvm.cpp, line 1248]
Event: 49.645 Thread 0x00007fb31e80d000 Exception <a 'java/security/PrivilegedActionException'> (0x000000076c40d810) thrown at [/HUDSON/workspace/8-2-build-macosx-x86_64/jdk8u5/2488/hotspot/src/share/vm/prims/jvm.cpp, line 1248]
Event: 503.399 Thread 0x00007fb31c875800 Exception <a 'java/io/IOException'> (0x000000076baf4c90) thrown at [/HUDSON/workspace/8-2-build-macosx-x86_64/jdk8u5/2488/hotspot/src/share/vm/prims/jni.cpp, line 716]
Event: 503.399 Thread 0x00007fb31e157800 Exception <a 'java/security/PrivilegedActionException'> (0x000000076bad7288) thrown at [/HUDSON/workspace/8-2-build-macosx-x86_64/jdk8u5/2488/hotspot/src/share/vm/prims/jvm.cpp, line 1248]

Events (10 events):
Event: 503.398 Thread 0x00007fb31e157800 Thread added: 0x00007fb31e157800
Event: 503.398 Thread 0x00007fb31c875800 Uncommon trap: trap_request=0xffffffde fr.pc=0x000000010c464f6c
Event: 503.398 Thread 0x00007fb31c875800 DEOPT PACKING pc=0x000000010c464f6c sp=0x000000012b959610
Event: 503.398 Thread 0x00007fb31c875800 DEOPT UNPACKING pc=0x000000010bb3b250 sp=0x000000012b959550 mode 2
Event: 503.399 loading class java/nio/channels/AsynchronousCloseException
Event: 503.399 Thread 0x00007fb31e156800 Thread exited: 0x00007fb31e156800
Event: 503.399 loading class java/nio/channels/AsynchronousCloseException done
Event: 503.399 Thread 0x00007fb31e010800 Thread exited: 0x00007fb31e010800
Event: 503.399 loading class org/eclipse/jetty/util/FutureCallback
Event: 503.399 loading class org/eclipse/jetty/util/FutureCallback done


Dynamic libraries:
0x000000000934b000 	/System/Library/Frameworks/Cocoa.framework/Versions/A/Cocoa
0x000000000934b000 	/System/Library/Frameworks/Security.framework/Versions/A/Security
0x000000000934b000 	/System/Library/Frameworks/ApplicationServices.framework/Versions/A/ApplicationServices
0x000000000934b000 	/usr/lib/libz.1.dylib
0x000000000934b000 	/usr/lib/libSystem.B.dylib
0x000000000934b000 	/usr/lib/libobjc.A.dylib
0x000000000934b000 	/System/Library/Frameworks/CoreFoundation.framework/Versions/A/CoreFoundation
0x000000000934b000 	/System/Library/Frameworks/Foundation.framework/Versions/C/Foundation
0x000000000934b000 	/System/Library/Frameworks/AppKit.framework/Versions/C/AppKit
0x000000000934b000 	/System/Library/Frameworks/CoreData.framework/Versions/A/CoreData
0x000000000934b000 	/System/Library/PrivateFrameworks/RemoteViewServices.framework/Versions/A/RemoteViewServices
0x000000000934b000 	/System/Library/PrivateFrameworks/UIFoundation.framework/Versions/A/UIFoundation
0x000000000934b000 	/System/Library/Frameworks/IOSurface.framework/Versions/A/IOSurface
0x000000000934b000 	/System/Library/Frameworks/AudioToolbox.framework/Versions/A/AudioToolbox
0x000000000934b000 	/System/Library/Frameworks/AudioUnit.framework/Versions/A/AudioUnit
0x000000000934b000 	/System/Library/PrivateFrameworks/DataDetectorsCore.framework/Versions/A/DataDetectorsCore
0x000000000934b000 	/System/Library/PrivateFrameworks/DesktopServicesPriv.framework/Versions/A/DesktopServicesPriv
0x000000000934b000 	/System/Library/Frameworks/Carbon.framework/Versions/A/Frameworks/HIToolbox.framework/Versions/A/HIToolbox
0x000000000934b000 	/System/Library/Frameworks/QuartzCore.framework/Versions/A/QuartzCore
0x000000000934b000 	/System/Library/Frameworks/Carbon.framework/Versions/A/Frameworks/SpeechRecognition.framework/Versions/A/SpeechRecognition
0x000000000934b000 	/usr/lib/libauto.dylib
0x000000000934b000 	/usr/lib/libicucore.A.dylib
0x000000000934b000 	/usr/lib/libxml2.2.dylib
0x000000000934b000 	/System/Library/PrivateFrameworks/CoreUI.framework/Versions/A/CoreUI
0x000000000934b000 	/System/Library/Frameworks/CoreAudio.framework/Versions/A/CoreAudio
0x000000000934b000 	/System/Library/Frameworks/DiskArbitration.framework/Versions/A/DiskArbitration
0x000000000934b000 	/usr/lib/liblangid.dylib
0x000000000934b000 	/System/Library/PrivateFrameworks/MultitouchSupport.framework/Versions/A/MultitouchSupport
0x000000000934b000 	/System/Library/Frameworks/IOKit.framework/Versions/A/IOKit
0x000000000934b000 	/usr/lib/libDiagnosticMessagesClient.dylib
0x000000000934b000 	/System/Library/Frameworks/CoreServices.framework/Versions/A/CoreServices
0x000000000934b000 	/System/Library/PrivateFrameworks/PerformanceAnalysis.framework/Versions/A/PerformanceAnalysis
0x000000000934b000 	/System/Library/PrivateFrameworks/GenerationalStorage.framework/Versions/A/GenerationalStorage
0x000000000934b000 	/System/Library/Frameworks/OpenGL.framework/Versions/A/OpenGL
0x000000000934b000 	/System/Library/PrivateFrameworks/Sharing.framework/Versions/A/Sharing
0x000000000934b000 	/System/Library/Frameworks/CoreGraphics.framework/Versions/A/CoreGraphics
0x000000000934b000 	/System/Library/Frameworks/CoreText.framework/Versions/A/CoreText
0x000000000934b000 	/System/Library/Frameworks/ImageIO.framework/Versions/A/ImageIO
0x000000000934b000 	/usr/lib/libextension.dylib
0x000000000934b000 	/System/Library/PrivateFrameworks/Backup.framework/Versions/A/Backup
0x000000000934b000 	/usr/lib/libarchive.2.dylib
0x000000000934b000 	/System/Library/Frameworks/CFNetwork.framework/Versions/A/CFNetwork
0x000000000934b000 	/System/Library/Frameworks/SystemConfiguration.framework/Versions/A/SystemConfiguration
0x000000000934b000 	/usr/lib/libCRFSuite.dylib
0x000000000934b000 	/usr/lib/libc++.1.dylib
0x000000000934b000 	/usr/lib/libc++abi.dylib
0x000000000934b000 	/usr/lib/system/libcache.dylib
0x000000000934b000 	/usr/lib/system/libcommonCrypto.dylib
0x000000000934b000 	/usr/lib/system/libcompiler_rt.dylib
0x000000000934b000 	/usr/lib/system/libcopyfile.dylib
0x000000000934b000 	/usr/lib/system/libcorecrypto.dylib
0x000000000934b000 	/usr/lib/system/libdispatch.dylib
0x000000000934b000 	/usr/lib/system/libdyld.dylib
0x000000000934b000 	/usr/lib/system/libkeymgr.dylib
0x000000000934b000 	/usr/lib/system/liblaunch.dylib
0x000000000934b000 	/usr/lib/system/libmacho.dylib
0x000000000934b000 	/usr/lib/system/libquarantine.dylib
0x000000000934b000 	/usr/lib/system/libremovefile.dylib
0x000000000934b000 	/usr/lib/system/libsystem_asl.dylib
0x000000000934b000 	/usr/lib/system/libsystem_blocks.dylib
0x000000000934b000 	/usr/lib/system/libsystem_c.dylib
0x000000000934b000 	/usr/lib/system/libsystem_configuration.dylib
0x000000000934b000 	/usr/lib/system/libsystem_coreservices.dylib
0x000000000934b000 	/usr/lib/system/libsystem_coretls.dylib
0x000000000934b000 	/usr/lib/system/libsystem_dnssd.dylib
0x000000000934b000 	/usr/lib/system/libsystem_info.dylib
0x000000000934b000 	/usr/lib/system/libsystem_kernel.dylib
0x000000000934b000 	/usr/lib/system/libsystem_m.dylib
0x000000000934b000 	/usr/lib/system/libsystem_malloc.dylib
0x000000000934b000 	/usr/lib/system/libsystem_network.dylib
0x000000000934b000 	/usr/lib/system/libsystem_networkextension.dylib
0x000000000934b000 	/usr/lib/system/libsystem_notify.dylib
0x000000000934b000 	/usr/lib/system/libsystem_platform.dylib
0x000000000934b000 	/usr/lib/system/libsystem_pthread.dylib
0x000000000934b000 	/usr/lib/system/libsystem_sandbox.dylib
0x000000000934b000 	/usr/lib/system/libsystem_secinit.dylib
0x000000000934b000 	/usr/lib/system/libsystem_stats.dylib
0x000000000934b000 	/usr/lib/system/libsystem_trace.dylib
0x000000000934b000 	/usr/lib/system/libunc.dylib
0x000000000934b000 	/usr/lib/system/libunwind.dylib
0x000000000934b000 	/usr/lib/system/libxpc.dylib
0x000000000934b000 	/usr/lib/libbz2.1.0.dylib
0x000000000934b000 	/usr/lib/liblzma.5.dylib
0x000000000934b000 	/usr/lib/libbsm.0.dylib
0x000000000934b000 	/usr/lib/libsqlite3.dylib
0x000000000934b000 	/usr/lib/system/libkxld.dylib
0x000000000934b000 	/usr/lib/libxar.1.dylib
0x000000000934b000 	/usr/lib/libpam.2.dylib
0x000000000934b000 	/usr/lib/libOpenScriptingUtil.dylib
0x000000000934b000 	/System/Library/Frameworks/CoreServices.framework/Versions/A/Frameworks/FSEvents.framework/Versions/A/FSEvents
0x000000000934b000 	/System/Library/Frameworks/CoreServices.framework/Versions/A/Frameworks/CarbonCore.framework/Versions/A/CarbonCore
0x000000000934b000 	/System/Library/Frameworks/CoreServices.framework/Versions/A/Frameworks/Metadata.framework/Versions/A/Metadata
0x000000000934b000 	/System/Library/Frameworks/CoreServices.framework/Versions/A/Frameworks/OSServices.framework/Versions/A/OSServices
0x000000000934b000 	/System/Library/Frameworks/CoreServices.framework/Versions/A/Frameworks/SearchKit.framework/Versions/A/SearchKit
0x000000000934b000 	/System/Library/Frameworks/CoreServices.framework/Versions/A/Frameworks/AE.framework/Versions/A/AE
0x000000000934b000 	/System/Library/Frameworks/CoreServices.framework/Versions/A/Frameworks/LaunchServices.framework/Versions/A/LaunchServices
0x000000000934b000 	/System/Library/Frameworks/CoreServices.framework/Versions/A/Frameworks/DictionaryServices.framework/Versions/A/DictionaryServices
0x000000000934b000 	/System/Library/Frameworks/NetFS.framework/Versions/A/NetFS
0x000000000934b000 	/System/Library/PrivateFrameworks/NetAuth.framework/Versions/A/NetAuth
0x000000000934b000 	/System/Library/PrivateFrameworks/login.framework/Versions/A/Frameworks/loginsupport.framework/Versions/A/loginsupport
0x000000000934b000 	/System/Library/PrivateFrameworks/TCC.framework/Versions/A/TCC
0x000000000934b000 	/usr/lib/libmecabra.dylib
0x000000000934b000 	/System/Library/Frameworks/ApplicationServices.framework/Versions/A/Frameworks/ATS.framework/Versions/A/ATS
0x000000000934b000 	/System/Library/Frameworks/ApplicationServices.framework/Versions/A/Frameworks/ColorSync.framework/Versions/A/ColorSync
0x000000000934b000 	/System/Library/Frameworks/ApplicationServices.framework/Versions/A/Frameworks/HIServices.framework/Versions/A/HIServices
0x000000000934b000 	/System/Library/Frameworks/ApplicationServices.framework/Versions/A/Frameworks/LangAnalysis.framework/Versions/A/LangAnalysis
0x000000000934b000 	/System/Library/Frameworks/ApplicationServices.framework/Versions/A/Frameworks/PrintCore.framework/Versions/A/PrintCore
0x000000000934b000 	/System/Library/Frameworks/ApplicationServices.framework/Versions/A/Frameworks/QD.framework/Versions/A/QD
0x000000000934b000 	/System/Library/Frameworks/ApplicationServices.framework/Versions/A/Frameworks/SpeechSynthesis.framework/Versions/A/SpeechSynthesis
0x000000000934b000 	/System/Library/Frameworks/Accelerate.framework/Versions/A/Accelerate
0x000000000934b000 	/System/Library/Frameworks/Accelerate.framework/Versions/A/Frameworks/vImage.framework/Versions/A/vImage
0x000000000934b000 	/System/Library/Frameworks/Accelerate.framework/Versions/A/Frameworks/vecLib.framework/Versions/A/vecLib
0x000000000934b000 	/System/Library/Frameworks/Accelerate.framework/Versions/A/Frameworks/vecLib.framework/Versions/A/libvDSP.dylib
0x000000000934b000 	/System/Library/Frameworks/Accelerate.framework/Versions/A/Frameworks/vecLib.framework/Versions/A/libvMisc.dylib
0x000000000934b000 	/System/Library/Frameworks/Accelerate.framework/Versions/A/Frameworks/vecLib.framework/Versions/A/libLAPACK.dylib
0x000000000934b000 	/System/Library/Frameworks/Accelerate.framework/Versions/A/Frameworks/vecLib.framework/Versions/A/libBLAS.dylib
0x000000000934b000 	/System/Library/Frameworks/Accelerate.framework/Versions/A/Frameworks/vecLib.framework/Versions/A/libLinearAlgebra.dylib
0x000000000934b000 	/System/Library/Frameworks/ApplicationServices.framework/Versions/A/Frameworks/ATS.framework/Versions/A/Resources/libFontParser.dylib
0x000000000934b000 	/System/Library/Frameworks/ApplicationServices.framework/Versions/A/Frameworks/ATS.framework/Versions/A/Resources/libFontRegistry.dylib
0x000000000934b000 	/System/Library/PrivateFrameworks/AppleVPA.framework/Versions/A/AppleVPA
0x000000000934b000 	/System/Library/PrivateFrameworks/AppleJPEG.framework/Versions/A/AppleJPEG
0x000000000934b000 	/System/Library/Frameworks/ImageIO.framework/Versions/A/Resources/libJPEG.dylib
0x000000000934b000 	/System/Library/Frameworks/ImageIO.framework/Versions/A/Resources/libTIFF.dylib
0x000000000934b000 	/System/Library/Frameworks/ImageIO.framework/Versions/A/Resources/libPng.dylib
0x000000000934b000 	/System/Library/Frameworks/ImageIO.framework/Versions/A/Resources/libGIF.dylib
0x000000000934b000 	/System/Library/Frameworks/ImageIO.framework/Versions/A/Resources/libJP2.dylib
0x000000000934b000 	/System/Library/Frameworks/ImageIO.framework/Versions/A/Resources/libRadiance.dylib
0x000000000934b000 	/System/Library/Frameworks/CoreVideo.framework/Versions/A/CoreVideo
0x000000000934b000 	/System/Library/Frameworks/OpenGL.framework/Versions/A/Libraries/libGLU.dylib
0x000000000934b000 	/System/Library/Frameworks/OpenGL.framework/Versions/A/Libraries/libGFXShared.dylib
0x000000000934b000 	/System/Library/Frameworks/OpenGL.framework/Versions/A/Libraries/libGL.dylib
0x000000000934b000 	/System/Library/Frameworks/OpenGL.framework/Versions/A/Libraries/libGLImage.dylib
0x000000000934b000 	/System/Library/Frameworks/OpenGL.framework/Versions/A/Libraries/libCVMSPluginSupport.dylib
0x000000000934b000 	/System/Library/Frameworks/OpenGL.framework/Versions/A/Libraries/libCoreVMClient.dylib
0x000000000934b000 	/usr/lib/libcups.2.dylib
0x000000000934b000 	/System/Library/Frameworks/Kerberos.framework/Versions/A/Kerberos
0x000000000934b000 	/System/Library/Frameworks/GSS.framework/Versions/A/GSS
0x000000000934b000 	/usr/lib/libresolv.9.dylib
0x000000000934b000 	/usr/lib/libiconv.2.dylib
0x000000000934b000 	/System/Library/PrivateFrameworks/Heimdal.framework/Versions/A/Heimdal
0x000000000934b000 	/usr/lib/libheimdal-asn1.dylib
0x000000000934b000 	/System/Library/Frameworks/OpenDirectory.framework/Versions/A/OpenDirectory
0x000000000934b000 	/System/Library/PrivateFrameworks/CommonAuth.framework/Versions/A/CommonAuth
0x000000000934b000 	/System/Library/Frameworks/OpenDirectory.framework/Versions/A/Frameworks/CFOpenDirectory.framework/Versions/A/CFOpenDirectory
0x000000000934b000 	/System/Library/Frameworks/SecurityFoundation.framework/Versions/A/SecurityFoundation
0x000000000934b000 	/System/Library/PrivateFrameworks/LanguageModeling.framework/Versions/A/LanguageModeling
0x000000000934b000 	/usr/lib/libcmph.dylib
0x000000000934b000 	/System/Library/Frameworks/ServiceManagement.framework/Versions/A/ServiceManagement
0x000000000934b000 	/usr/lib/libxslt.1.dylib
0x000000000934b000 	/System/Library/Frameworks/Carbon.framework/Versions/A/Frameworks/Ink.framework/Versions/A/Ink
0x000000000934b000 	/System/Library/Frameworks/QuartzCore.framework/Versions/A/Frameworks/CoreImage.framework/Versions/A/CoreImage
0x000000000934b000 	/System/Library/PrivateFrameworks/CrashReporterSupport.framework/Versions/A/CrashReporterSupport
0x000000000934b000 	/System/Library/Frameworks/OpenCL.framework/Versions/A/OpenCL
0x000000000934b000 	/System/Library/PrivateFrameworks/FaceCore.framework/Versions/A/FaceCore
0x000000000934b000 	/System/Library/PrivateFrameworks/Ubiquity.framework/Versions/A/Ubiquity
0x000000000934b000 	/System/Library/PrivateFrameworks/IconServices.framework/Versions/A/IconServices
0x000000000934b000 	/System/Library/PrivateFrameworks/ChunkingLibrary.framework/Versions/A/ChunkingLibrary
0x000000000934b000 	/System/Library/PrivateFrameworks/Apple80211.framework/Versions/A/Apple80211
0x000000000934b000 	/System/Library/Frameworks/CoreWLAN.framework/Versions/A/CoreWLAN
0x000000000934b000 	/System/Library/Frameworks/IOBluetooth.framework/Versions/A/IOBluetooth
0x000000000934b000 	/System/Library/PrivateFrameworks/CoreWiFi.framework/Versions/A/CoreWiFi
0x000000000934b000 	/System/Library/Frameworks/CoreBluetooth.framework/Versions/A/CoreBluetooth
0x000000000934b000 	/System/Library/PrivateFrameworks/DebugSymbols.framework/Versions/A/DebugSymbols
0x000000000934b000 	/System/Library/PrivateFrameworks/CoreSymbolication.framework/Versions/A/CoreSymbolication
0x000000000934b000 	/System/Library/PrivateFrameworks/Symbolication.framework/Versions/A/Symbolication
0x000000000934b000 	/System/Library/PrivateFrameworks/SpeechRecognitionCore.framework/Versions/A/SpeechRecognitionCore
0x000000010ac00000 	/Library/Java/JavaVirtualMachines/jdk1.8.0_05.jdk/Contents/Home/jre/lib/server/libjvm.dylib
0x000000000934b000 	/usr/lib/libstdc++.6.dylib
0x000000010a3d1000 	/Library/Java/JavaVirtualMachines/jdk1.8.0_05.jdk/Contents/Home/jre/lib/libverify.dylib
0x000000010bac0000 	/Library/Java/JavaVirtualMachines/jdk1.8.0_05.jdk/Contents/Home/jre/lib/libjava.dylib
0x000000010a3e9000 	/Library/Java/JavaVirtualMachines/jdk1.8.0_05.jdk/Contents/Home/jre/lib/libzip.dylib
0x0000000126613000 	/System/Library/Frameworks/JavaVM.framework/Frameworks/JavaRuntimeSupport.framework/JavaRuntimeSupport
0x000000012662b000 	/System/Library/Frameworks/JavaVM.framework/Versions/A/Frameworks/JavaNativeFoundation.framework/Versions/A/JavaNativeFoundation
0x000000010a3f2000 	/System/Library/Frameworks/JavaVM.framework/Versions/A/JavaVM
0x000000000934b000 	/System/Library/Frameworks/Carbon.framework/Versions/A/Carbon
0x0000000126640000 	/System/Library/PrivateFrameworks/JavaLaunching.framework/Versions/A/JavaLaunching
0x000000000934b000 	/System/Library/Frameworks/Carbon.framework/Versions/A/Frameworks/CommonPanels.framework/Versions/A/CommonPanels
0x000000000934b000 	/System/Library/Frameworks/Carbon.framework/Versions/A/Frameworks/Help.framework/Versions/A/Help
0x000000000934b000 	/System/Library/Frameworks/Carbon.framework/Versions/A/Frameworks/ImageCapture.framework/Versions/A/ImageCapture
0x000000000934b000 	/System/Library/Frameworks/Carbon.framework/Versions/A/Frameworks/OpenScripting.framework/Versions/A/OpenScripting
0x000000000934b000 	/System/Library/Frameworks/Carbon.framework/Versions/A/Frameworks/Print.framework/Versions/A/Print
0x000000000934b000 	/System/Library/Frameworks/Carbon.framework/Versions/A/Frameworks/SecurityHI.framework/Versions/A/SecurityHI
0x00000001285e0000 	/Library/Java/JavaVirtualMachines/jdk1.8.0_05.jdk/Contents/Home/jre/lib/libmanagement.dylib
0x00000001285ed000 	/Library/Java/JavaVirtualMachines/jdk1.8.0_05.jdk/Contents/Home/jre/lib/libnet.dylib
0x0000000128603000 	/Library/Java/JavaVirtualMachines/jdk1.8.0_05.jdk/Contents/Home/jre/lib/libnio.dylib
0x00000001284c0000 	/Library/Java/JavaVirtualMachines/jdk1.8.0_05.jdk/Contents/Home/jre/lib/libsunec.dylib

VM Arguments:
java_command: target/org.pachnanda.dropwizzard-1.0-SNAPSHOT.jar server dropwizzard-calculator.yml
java_class_path (initial): target/org.pachnanda.dropwizzard-1.0-SNAPSHOT.jar
Launcher Type: SUN_STANDARD

Environment Variables:
JAVA_HOME=/Library/Java/JavaVirtualMachines/jdk1.8.0_05.jdk/Contents/Home
PATH=/Users/gautampachnanda/.gvm/vertx/current/bin:/Users/gautampachnanda/.gvm/springboot/current/bin:/Users/gautampachnanda/.gvm/lazybones/current/bin:/Users/gautampachnanda/.gvm/jbake/current/bin:/Users/gautampachnanda/.gvm/groovyserv/current/bin:/Users/gautampachnanda/.gvm/groovy/current/bin:/Users/gautampachnanda/.gvm/griffon/current/bin:/Users/gautampachnanda/.gvm/grails/current/bin:/Users/gautampachnanda/.gvm/gradle/current/bin:/Users/gautampachnanda/.gvm/glide/current/bin:/Users/gautampachnanda/.gvm/gaiden/current/bin:/Users/gautampachnanda/.gvm/crash/current/bin:/usr/local/bin:/usr/bin:/bin:/usr/sbin:/sbin:/Users/gautampachnanda/apps/apache-maven-3.2.3/bin:/Users/gautampachnanda/apps/activator-1.2.10:/Users/gautampachnanda/apps/eclipse
SHELL=/bin/bash

Signal Handlers:
SIGSEGV: [libjvm.dylib+0x55f7df], sa_mask[0]=0xfffefeff, sa_flags=0x00000043
SIGBUS: [libjvm.dylib+0x55f7df], sa_mask[0]=0xfffefeff, sa_flags=0x00000042
SIGFPE: [libjvm.dylib+0x442cfa], sa_mask[0]=0xfffefeff, sa_flags=0x00000042
SIGPIPE: [libjvm.dylib+0x442cfa], sa_mask[0]=0xfffefeff, sa_flags=0x00000042
SIGXFSZ: [libjvm.dylib+0x442cfa], sa_mask[0]=0xfffefeff, sa_flags=0x00000042
SIGILL: [libjvm.dylib+0x442cfa], sa_mask[0]=0xfffefeff, sa_flags=0x00000042
SIGUSR1: SIG_DFL, sa_mask[0]=0x63807efb, sa_flags=0x00000000
SIGUSR2: [libjvm.dylib+0x442818], sa_mask[0]=0x00000004, sa_flags=0x00000042
SIGHUP: [libjvm.dylib+0x440ba5], sa_mask[0]=0xfffefeff, sa_flags=0x00000042
SIGINT: [libjvm.dylib+0x440ba5], sa_mask[0]=0xfffefeff, sa_flags=0x00000042
SIGTERM: [libjvm.dylib+0x440ba5], sa_mask[0]=0xfffefeff, sa_flags=0x00000042
SIGQUIT: [libjvm.dylib+0x440ba5], sa_mask[0]=0xfffefeff, sa_flags=0x00000042


---------------  S Y S T E M  ---------------

OS:Bsduname:Darwin 14.1.0 Darwin Kernel Version 14.1.0: Thu Feb 26 19:26:47 PST 2015; root:xnu-2782.10.73~1/RELEASE_X86_64 x86_64
rlimit: STACK 8192k, CORE 0k, NPROC 709, NOFILE 10240, AS infinity
load average:1.59 2.07 2.23

CPU:total 4 (2 cores per cpu, 2 threads per core) family 6 model 69 stepping 1, cmov, cx8, fxsr, mmx, sse, sse2, sse3, ssse3, sse4.1, sse4.2, popcnt, avx, avx2, aes, clmul, erms, ht, tsc, tscinvbit

Memory: 4k page, physical 16777216k(3698252k free)

/proc/meminfo:


vm_info: Java HotSpot(TM) 64-Bit Server VM (25.5-b02) for bsd-amd64 JRE (1.8.0_05-b13), built on Mar 18 2014 00:36:13 by "java_re" with gcc 4.2.1 (Based on Apple Inc. build 5658) (LLVM build 2336.11.00)

time: Sat Apr  4 12:59:24 2015
elapsed time: 503 seconds

